<?xml version="1.0" encoding="UTF-8"?>
<!-- Generated by org.testng.reporters.JUnitXMLReporter -->
<testsuite ignored="0" hostname="LAPTOP-5KMFOFH9" failures="0" tests="3" name="Test" time="10.198" errors="0" timestamp="2023-10-12T18:50:12 IST">
  <testcase classname="testngTest.ParallelTestingOnMethod" name="chromeTest" time="7.853"/>
  <testcase classname="testngTest.ParallelTestingOnMethod" name="firefoxTest" time="9.849"/>
  <testcase classname="testngTest.ParallelTestingOnMethod" name="edgeTest" time="10.108"/>
</testsuite> <!-- Test -->
